10:50:30:853  INFO 52424 --- [main] com.hmall.user.UserApplication           : Starting UserApplication using Java 11.0.28 on LAPTOP-FBJ2DATM with PID 52424 (D:\ccode\java_code\hmall\hmall\hmall\user-service\target\classes started by ASUS in D:\ccode\java_code\hmall\hmall\hmall)
10:50:30:858 DEBUG 52424 --- [main] com.hmall.user.UserApplication           : Running with Spring Boot v2.7.12, Spring v5.3.27
10:50:30:859  INFO 52424 --- [main] com.hmall.user.UserApplication           : The following 1 profile is active: "local"
10:50:31:930  INFO 52424 --- [main] o.s.cloud.context.scope.GenericScope     : BeanFactory id=c84af717-a19d-34c5-ba5a-cf2bbbf28a33
10:50:32:342  INFO 52424 --- [main] o.s.b.w.embedded.tomcat.TomcatWebServer  : Tomcat initialized with port(s): 8084 (http)
10:50:32:353  INFO 52424 --- [main] o.apache.catalina.core.StandardService   : Starting service [Tomcat]
10:50:32:353  INFO 52424 --- [main] org.apache.catalina.core.StandardEngine  : Starting Servlet engine: [Apache Tomcat/9.0.75]
10:50:32:493  INFO 52424 --- [main] o.a.c.c.C.[Tomcat].[localhost].[/]       : Initializing Spring embedded WebApplicationContext
10:50:32:494  INFO 52424 --- [main] w.s.c.ServletWebServerApplicationContext : Root WebApplicationContext: initialization completed in 1572 ms
10:50:39:184  INFO 52424 --- [main] pertySourcedRequestMappingHandlerMapping : Mapped URL path [/v2/api-docs] onto method [springfox.documentation.swagger2.web.Swagger2ControllerWebMvc#getDocumentation(String, HttpServletRequest)]
10:50:40:652  INFO 52424 --- [main] com.alibaba.nacos.common.remote.client   : [RpcClientFactory] create a new rpc client of a218c003-80e2-48f9-b7dc-4274d374a3f0
10:50:40:699  INFO 52424 --- [main] org.reflections.Reflections              : Reflections took 23 ms to scan 1 urls, producing 3 keys and 6 values 
10:50:40:734  INFO 52424 --- [main] org.reflections.Reflections              : Reflections took 8 ms to scan 1 urls, producing 4 keys and 9 values 
10:50:40:741  INFO 52424 --- [main] org.reflections.Reflections              : Reflections took 5 ms to scan 1 urls, producing 3 keys and 10 values 
10:50:40:744  WARN 52424 --- [main] org.reflections.Reflections              : given scan urls are empty. set urls in the configuration
10:50:40:750  INFO 52424 --- [main] org.reflections.Reflections              : Reflections took 6 ms to scan 1 urls, producing 1 keys and 5 values 
10:50:40:760  INFO 52424 --- [main] org.reflections.Reflections              : Reflections took 7 ms to scan 1 urls, producing 1 keys and 7 values 
10:50:40:769  INFO 52424 --- [main] org.reflections.Reflections              : Reflections took 5 ms to scan 1 urls, producing 2 keys and 8 values 
10:50:40:771  WARN 52424 --- [main] org.reflections.Reflections              : given scan urls are empty. set urls in the configuration
10:50:40:772  INFO 52424 --- [main] com.alibaba.nacos.common.remote.client   : [a218c003-80e2-48f9-b7dc-4274d374a3f0] RpcClient init label, labels = {module=naming, source=sdk}
10:50:40:775  INFO 52424 --- [main] com.alibaba.nacos.common.remote.client   : [a218c003-80e2-48f9-b7dc-4274d374a3f0] RpcClient init, ServerListFactory = com.alibaba.nacos.client.naming.core.ServerListManager
10:50:40:775  INFO 52424 --- [main] com.alibaba.nacos.common.remote.client   : [a218c003-80e2-48f9-b7dc-4274d374a3f0] Registry connection listener to current client:com.alibaba.nacos.client.naming.remote.gprc.redo.NamingGrpcRedoService
10:50:40:776  INFO 52424 --- [main] com.alibaba.nacos.common.remote.client   : [a218c003-80e2-48f9-b7dc-4274d374a3f0] Register server push request handler:com.alibaba.nacos.client.naming.remote.gprc.NamingPushRequestHandler
10:50:40:777  INFO 52424 --- [main] com.alibaba.nacos.common.remote.client   : [a218c003-80e2-48f9-b7dc-4274d374a3f0] Try to connect to server on start up, server: {serverIp = '192.168.100.128', server main port = 8848}
10:50:44:637  INFO 52424 --- [main] com.alibaba.nacos.common.remote.client   : [a218c003-80e2-48f9-b7dc-4274d374a3f0] Success to connect to server [192.168.100.128:8848] on start up, connectionId = 1753916055703_192.168.100.1_58643
10:50:44:639  INFO 52424 --- [com.alibaba.nacos.client.remote.worker] com.alibaba.nacos.common.remote.client   : [a218c003-80e2-48f9-b7dc-4274d374a3f0] Notify connected event to listeners.
10:50:44:640  INFO 52424 --- [main] com.alibaba.nacos.common.remote.client   : [a218c003-80e2-48f9-b7dc-4274d374a3f0] Register server push request handler:com.alibaba.nacos.common.remote.client.RpcClient$ConnectResetRequestHandler
10:50:44:641  INFO 52424 --- [main] com.alibaba.nacos.common.remote.client   : [a218c003-80e2-48f9-b7dc-4274d374a3f0] Register server push request handler:com.alibaba.nacos.common.remote.client.RpcClient$$Lambda$957/0x00000008006f5440
10:50:44:707  INFO 52424 --- [main] o.s.b.w.embedded.tomcat.TomcatWebServer  : Tomcat started on port(s): 8084 (http) with context path ''
10:50:44:718  INFO 52424 --- [main] c.a.c.n.registry.NacosServiceRegistry    : nacos registry, DEFAULT_GROUP user-service 192.168.1.3:8084 register finished
10:50:45:149  INFO 52424 --- [nacos-grpc-client-executor-8] com.alibaba.nacos.common.remote.client   : [a218c003-80e2-48f9-b7dc-4274d374a3f0] Receive server push request, request = NotifySubscriberRequest, requestId = 184
10:50:45:155  INFO 52424 --- [nacos-grpc-client-executor-8] com.alibaba.nacos.common.remote.client   : [a218c003-80e2-48f9-b7dc-4274d374a3f0] Ack server push request, request = NotifySubscriberRequest, requestId = 184
10:50:45:650  INFO 52424 --- [main] d.s.w.p.DocumentationPluginsBootstrapper : Documentation plugins bootstrapped
10:50:45:653  INFO 52424 --- [main] d.s.w.p.DocumentationPluginsBootstrapper : Found 1 custom documentation plugin(s)
10:50:45:682  INFO 52424 --- [main] s.d.s.w.s.ApiListingReferenceScanner     : Scanning for api listing references
10:50:45:774  INFO 52424 --- [main] com.hmall.user.UserApplication           : Started UserApplication in 17.656 seconds (JVM running for 19.672)
