11:05:35:124  INFO 47312 --- [main] com.hmall.cart.CartApplication           : Starting CartApplication using Java 11.0.28 on LAPTOP-FBJ2DATM with PID 47312 (D:\ccode\java_code\hmall\hmall\hmall\cart-service\target\classes started by ASUS in D:\ccode\java_code\hmall\hmall\hmall)
11:05:35:126 DEBUG 47312 --- [main] com.hmall.cart.CartApplication           : Running with Spring Boot v2.7.12, Spring v5.3.27
11:05:35:126  INFO 47312 --- [main] com.hmall.cart.CartApplication           : The following 1 profile is active: "local"
11:05:36:096  INFO 47312 --- [main] o.s.b.w.embedded.tomcat.TomcatWebServer  : Tomcat initialized with port(s): 8082 (http)
11:05:36:104  INFO 47312 --- [main] o.apache.catalina.core.StandardService   : Starting service [Tomcat]
11:05:36:104  INFO 47312 --- [main] org.apache.catalina.core.StandardEngine  : Starting Servlet engine: [Apache Tomcat/9.0.75]
11:05:36:201  INFO 47312 --- [main] o.a.c.c.C.[Tomcat].[localhost].[/]       : Initializing Spring embedded WebApplicationContext
11:05:36:201  INFO 47312 --- [main] w.s.c.ServletWebServerApplicationContext : Root WebApplicationContext: initialization completed in 1039 ms
11:05:38:000  INFO 47312 --- [main] pertySourcedRequestMappingHandlerMapping : Mapped URL path [/v2/api-docs] onto method [springfox.documentation.swagger2.web.Swagger2ControllerWebMvc#getDocumentation(String, HttpServletRequest)]
11:05:38:072  INFO 47312 --- [main] o.s.b.w.embedded.tomcat.TomcatWebServer  : Tomcat started on port(s): 8082 (http) with context path ''
11:05:38:073  INFO 47312 --- [main] d.s.w.p.DocumentationPluginsBootstrapper : Documentation plugins bootstrapped
11:05:38:075  INFO 47312 --- [main] d.s.w.p.DocumentationPluginsBootstrapper : Found 1 custom documentation plugin(s)
11:05:38:097  INFO 47312 --- [main] s.d.s.w.s.ApiListingReferenceScanner     : Scanning for api listing references
11:05:38:191  INFO 47312 --- [main] com.hmall.cart.CartApplication           : Started CartApplication in 3.424 seconds (JVM running for 5.187)
11:05:50:302  INFO 47312 --- [http-nio-8082-exec-1] o.a.c.c.C.[Tomcat].[localhost].[/]       : Initializing Spring DispatcherServlet 'dispatcherServlet'
11:05:50:303  INFO 47312 --- [http-nio-8082-exec-1] o.s.web.servlet.DispatcherServlet        : Initializing Servlet 'dispatcherServlet'
11:05:50:305  INFO 47312 --- [http-nio-8082-exec-1] o.s.web.servlet.DispatcherServlet        : Completed initialization in 1 ms
11:05:57:970  INFO 47312 --- [http-nio-8082-exec-4] com.zaxxer.hikari.HikariDataSource       : HikariPool-1 - Starting...
11:05:58:410  INFO 47312 --- [http-nio-8082-exec-4] com.zaxxer.hikari.HikariDataSource       : HikariPool-1 - Start completed.
11:05:58:417 DEBUG 47312 --- [http-nio-8082-exec-4] c.h.cart.mapper.CartMapper.selectList    : ==>  Preparing: SELECT id,user_id,item_id,num,name,spec,price,image,create_time,update_time FROM cart WHERE (user_id = ?)
11:05:58:437 DEBUG 47312 --- [http-nio-8082-exec-4] c.h.cart.mapper.CartMapper.selectList    : ==> Parameters: 1(Long)
11:05:58:460 DEBUG 47312 --- [http-nio-8082-exec-4] c.h.cart.mapper.CartMapper.selectList    : <==      Total: 1
11:11:40:887  INFO 47312 --- [SpringApplicationShutdownHook] com.zaxxer.hikari.HikariDataSource       : HikariPool-1 - Shutdown initiated...
11:11:41:180  INFO 47312 --- [SpringApplicationShutdownHook] com.zaxxer.hikari.HikariDataSource       : HikariPool-1 - Shutdown completed.
11:16:53:528  INFO 3480 --- [main] com.hmall.cart.CartApplication           : Starting CartApplication using Java 11.0.28 on LAPTOP-FBJ2DATM with PID 3480 (D:\ccode\java_code\hmall\hmall\hmall\cart-service\target\classes started by ASUS in D:\ccode\java_code\hmall\hmall\hmall)
11:16:53:530 DEBUG 3480 --- [main] com.hmall.cart.CartApplication           : Running with Spring Boot v2.7.12, Spring v5.3.27
11:16:53:531  INFO 3480 --- [main] com.hmall.cart.CartApplication           : The following 1 profile is active: "local"
11:16:54:483  INFO 3480 --- [main] o.s.cloud.context.scope.GenericScope     : BeanFactory id=dae5ef14-a65a-3093-a89d-0d8d96082e11
11:16:54:841  INFO 3480 --- [main] o.s.b.w.embedded.tomcat.TomcatWebServer  : Tomcat initialized with port(s): 8082 (http)
11:16:54:850  INFO 3480 --- [main] o.apache.catalina.core.StandardService   : Starting service [Tomcat]
11:16:54:851  INFO 3480 --- [main] org.apache.catalina.core.StandardEngine  : Starting Servlet engine: [Apache Tomcat/9.0.75]
11:16:54:993  INFO 3480 --- [main] o.a.c.c.C.[Tomcat].[localhost].[/]       : Initializing Spring embedded WebApplicationContext
11:16:54:993  INFO 3480 --- [main] w.s.c.ServletWebServerApplicationContext : Root WebApplicationContext: initialization completed in 1420 ms
11:16:55:171  INFO 3480 --- [main] o.s.c.openfeign.FeignClientFactoryBean   : For 'item-service' URL not provided. Will try picking an instance via load-balancing.
11:16:59:030  INFO 3480 --- [main] pertySourcedRequestMappingHandlerMapping : Mapped URL path [/v2/api-docs] onto method [springfox.documentation.swagger2.web.Swagger2ControllerWebMvc#getDocumentation(String, HttpServletRequest)]
11:17:00:277  INFO 3480 --- [main] com.alibaba.nacos.common.remote.client   : [RpcClientFactory] create a new rpc client of bd3af52c-35ec-464d-8903-eb7a350f4341
11:17:00:324  INFO 3480 --- [main] org.reflections.Reflections              : Reflections took 28 ms to scan 1 urls, producing 3 keys and 6 values 
11:17:00:358  INFO 3480 --- [main] org.reflections.Reflections              : Reflections took 12 ms to scan 1 urls, producing 4 keys and 9 values 
11:17:00:372  INFO 3480 --- [main] org.reflections.Reflections              : Reflections took 10 ms to scan 1 urls, producing 3 keys and 10 values 
11:17:00:378  WARN 3480 --- [main] org.reflections.Reflections              : given scan urls are empty. set urls in the configuration
11:17:00:384  INFO 3480 --- [main] org.reflections.Reflections              : Reflections took 5 ms to scan 1 urls, producing 1 keys and 5 values 
11:17:00:396  INFO 3480 --- [main] org.reflections.Reflections              : Reflections took 10 ms to scan 1 urls, producing 1 keys and 7 values 
11:17:00:407  INFO 3480 --- [main] org.reflections.Reflections              : Reflections took 7 ms to scan 1 urls, producing 2 keys and 8 values 
11:17:00:409  WARN 3480 --- [main] org.reflections.Reflections              : given scan urls are empty. set urls in the configuration
11:17:00:410  INFO 3480 --- [main] com.alibaba.nacos.common.remote.client   : [bd3af52c-35ec-464d-8903-eb7a350f4341] RpcClient init label, labels = {module=naming, source=sdk}
11:17:00:412  INFO 3480 --- [main] com.alibaba.nacos.common.remote.client   : [bd3af52c-35ec-464d-8903-eb7a350f4341] RpcClient init, ServerListFactory = com.alibaba.nacos.client.naming.core.ServerListManager
11:17:00:412  INFO 3480 --- [main] com.alibaba.nacos.common.remote.client   : [bd3af52c-35ec-464d-8903-eb7a350f4341] Registry connection listener to current client:com.alibaba.nacos.client.naming.remote.gprc.redo.NamingGrpcRedoService
11:17:00:413  INFO 3480 --- [main] com.alibaba.nacos.common.remote.client   : [bd3af52c-35ec-464d-8903-eb7a350f4341] Register server push request handler:com.alibaba.nacos.client.naming.remote.gprc.NamingPushRequestHandler
11:17:00:414  INFO 3480 --- [main] com.alibaba.nacos.common.remote.client   : [bd3af52c-35ec-464d-8903-eb7a350f4341] Try to connect to server on start up, server: {serverIp = '192.168.100.128', server main port = 8848}
11:17:03:377  INFO 3480 --- [main] com.alibaba.nacos.common.remote.client   : [bd3af52c-35ec-464d-8903-eb7a350f4341] Success to connect to server [192.168.100.128:8848] on start up, connectionId = 1753872343543_192.168.100.1_59010
11:17:03:377  INFO 3480 --- [com.alibaba.nacos.client.remote.worker] com.alibaba.nacos.common.remote.client   : [bd3af52c-35ec-464d-8903-eb7a350f4341] Notify connected event to listeners.
11:17:03:379  INFO 3480 --- [main] com.alibaba.nacos.common.remote.client   : [bd3af52c-35ec-464d-8903-eb7a350f4341] Register server push request handler:com.alibaba.nacos.common.remote.client.RpcClient$ConnectResetRequestHandler
11:17:03:380  INFO 3480 --- [main] com.alibaba.nacos.common.remote.client   : [bd3af52c-35ec-464d-8903-eb7a350f4341] Register server push request handler:com.alibaba.nacos.common.remote.client.RpcClient$$Lambda$979/0x00000008006a1c40
11:17:03:429  INFO 3480 --- [main] o.s.b.w.embedded.tomcat.TomcatWebServer  : Tomcat started on port(s): 8082 (http) with context path ''
11:17:03:438  INFO 3480 --- [main] c.a.c.n.registry.NacosServiceRegistry    : nacos registry, DEFAULT_GROUP cart-service 192.168.1.3:8082 register finished
11:17:03:916  INFO 3480 --- [nacos-grpc-client-executor-8] com.alibaba.nacos.common.remote.client   : [bd3af52c-35ec-464d-8903-eb7a350f4341] Receive server push request, request = NotifySubscriberRequest, requestId = 54
11:17:03:920  INFO 3480 --- [nacos-grpc-client-executor-8] com.alibaba.nacos.common.remote.client   : [bd3af52c-35ec-464d-8903-eb7a350f4341] Ack server push request, request = NotifySubscriberRequest, requestId = 54
11:17:04:299  INFO 3480 --- [main] d.s.w.p.DocumentationPluginsBootstrapper : Documentation plugins bootstrapped
11:17:04:301  INFO 3480 --- [main] d.s.w.p.DocumentationPluginsBootstrapper : Found 1 custom documentation plugin(s)
11:17:04:320  INFO 3480 --- [main] s.d.s.w.s.ApiListingReferenceScanner     : Scanning for api listing references
11:17:04:393  INFO 3480 --- [main] com.hmall.cart.CartApplication           : Started CartApplication in 12.315 seconds (JVM running for 13.764)
11:17:12:389  INFO 3480 --- [http-nio-8082-exec-1] o.a.c.c.C.[Tomcat].[localhost].[/]       : Initializing Spring DispatcherServlet 'dispatcherServlet'
11:17:12:389  INFO 3480 --- [http-nio-8082-exec-1] o.s.web.servlet.DispatcherServlet        : Initializing Servlet 'dispatcherServlet'
11:17:12:391  INFO 3480 --- [http-nio-8082-exec-1] o.s.web.servlet.DispatcherServlet        : Completed initialization in 2 ms
11:17:12:503  INFO 3480 --- [http-nio-8082-exec-1] com.zaxxer.hikari.HikariDataSource       : HikariPool-1 - Starting...
11:17:12:921  INFO 3480 --- [http-nio-8082-exec-1] com.zaxxer.hikari.HikariDataSource       : HikariPool-1 - Start completed.
11:17:12:926 DEBUG 3480 --- [http-nio-8082-exec-1] c.h.cart.mapper.CartMapper.selectList    : ==>  Preparing: SELECT id,user_id,item_id,num,name,spec,price,image,create_time,update_time FROM cart WHERE (user_id = ?)
11:17:12:945 DEBUG 3480 --- [http-nio-8082-exec-1] c.h.cart.mapper.CartMapper.selectList    : ==> Parameters: 1(Long)
11:17:12:963 DEBUG 3480 --- [http-nio-8082-exec-1] c.h.cart.mapper.CartMapper.selectList    : <==      Total: 1
11:17:13:716  INFO 3480 --- [nacos-grpc-client-executor-12] com.alibaba.nacos.common.remote.client   : [bd3af52c-35ec-464d-8903-eb7a350f4341] Receive server push request, request = NotifySubscriberRequest, requestId = 57
11:17:13:716  INFO 3480 --- [nacos-grpc-client-executor-12] com.alibaba.nacos.common.remote.client   : [bd3af52c-35ec-464d-8903-eb7a350f4341] Ack server push request, request = NotifySubscriberRequest, requestId = 57
11:17:16:978 DEBUG 3480 --- [http-nio-8082-exec-4] c.h.cart.mapper.CartMapper.selectList    : ==>  Preparing: SELECT id,user_id,item_id,num,name,spec,price,image,create_time,update_time FROM cart WHERE (user_id = ?)
11:17:16:979 DEBUG 3480 --- [http-nio-8082-exec-4] c.h.cart.mapper.CartMapper.selectList    : ==> Parameters: 1(Long)
11:17:16:980 DEBUG 3480 --- [http-nio-8082-exec-4] c.h.cart.mapper.CartMapper.selectList    : <==      Total: 1
11:17:17:802 DEBUG 3480 --- [http-nio-8082-exec-5] c.h.cart.mapper.CartMapper.selectList    : ==>  Preparing: SELECT id,user_id,item_id,num,name,spec,price,image,create_time,update_time FROM cart WHERE (user_id = ?)
11:17:17:802 DEBUG 3480 --- [http-nio-8082-exec-5] c.h.cart.mapper.CartMapper.selectList    : ==> Parameters: 1(Long)
11:17:17:804 DEBUG 3480 --- [http-nio-8082-exec-5] c.h.cart.mapper.CartMapper.selectList    : <==      Total: 1
11:17:18:397 DEBUG 3480 --- [http-nio-8082-exec-3] c.h.cart.mapper.CartMapper.selectList    : ==>  Preparing: SELECT id,user_id,item_id,num,name,spec,price,image,create_time,update_time FROM cart WHERE (user_id = ?)
11:17:18:398 DEBUG 3480 --- [http-nio-8082-exec-3] c.h.cart.mapper.CartMapper.selectList    : ==> Parameters: 1(Long)
11:17:18:401 DEBUG 3480 --- [http-nio-8082-exec-3] c.h.cart.mapper.CartMapper.selectList    : <==      Total: 1
11:17:18:650 DEBUG 3480 --- [http-nio-8082-exec-7] c.h.cart.mapper.CartMapper.selectList    : ==>  Preparing: SELECT id,user_id,item_id,num,name,spec,price,image,create_time,update_time FROM cart WHERE (user_id = ?)
11:17:18:652 DEBUG 3480 --- [http-nio-8082-exec-7] c.h.cart.mapper.CartMapper.selectList    : ==> Parameters: 1(Long)
11:17:18:658 DEBUG 3480 --- [http-nio-8082-exec-7] c.h.cart.mapper.CartMapper.selectList    : <==      Total: 1
11:17:18:804 DEBUG 3480 --- [http-nio-8082-exec-8] c.h.cart.mapper.CartMapper.selectList    : ==>  Preparing: SELECT id,user_id,item_id,num,name,spec,price,image,create_time,update_time FROM cart WHERE (user_id = ?)
11:17:18:805 DEBUG 3480 --- [http-nio-8082-exec-8] c.h.cart.mapper.CartMapper.selectList    : ==> Parameters: 1(Long)
11:17:18:807 DEBUG 3480 --- [http-nio-8082-exec-8] c.h.cart.mapper.CartMapper.selectList    : <==      Total: 1
11:17:18:966 DEBUG 3480 --- [http-nio-8082-exec-6] c.h.cart.mapper.CartMapper.selectList    : ==>  Preparing: SELECT id,user_id,item_id,num,name,spec,price,image,create_time,update_time FROM cart WHERE (user_id = ?)
11:17:18:967 DEBUG 3480 --- [http-nio-8082-exec-6] c.h.cart.mapper.CartMapper.selectList    : ==> Parameters: 1(Long)
11:17:18:971 DEBUG 3480 --- [http-nio-8082-exec-6] c.h.cart.mapper.CartMapper.selectList    : <==      Total: 1
11:17:19:264 DEBUG 3480 --- [http-nio-8082-exec-9] c.h.cart.mapper.CartMapper.selectList    : ==>  Preparing: SELECT id,user_id,item_id,num,name,spec,price,image,create_time,update_time FROM cart WHERE (user_id = ?)
11:17:19:265 DEBUG 3480 --- [http-nio-8082-exec-9] c.h.cart.mapper.CartMapper.selectList    : ==> Parameters: 1(Long)
11:17:19:268 DEBUG 3480 --- [http-nio-8082-exec-9] c.h.cart.mapper.CartMapper.selectList    : <==      Total: 1
11:17:19:445 DEBUG 3480 --- [http-nio-8082-exec-10] c.h.cart.mapper.CartMapper.selectList    : ==>  Preparing: SELECT id,user_id,item_id,num,name,spec,price,image,create_time,update_time FROM cart WHERE (user_id = ?)
11:17:19:446 DEBUG 3480 --- [http-nio-8082-exec-10] c.h.cart.mapper.CartMapper.selectList    : ==> Parameters: 1(Long)
11:17:19:447 DEBUG 3480 --- [http-nio-8082-exec-10] c.h.cart.mapper.CartMapper.selectList    : <==      Total: 1
11:17:19:634 DEBUG 3480 --- [http-nio-8082-exec-1] c.h.cart.mapper.CartMapper.selectList    : ==>  Preparing: SELECT id,user_id,item_id,num,name,spec,price,image,create_time,update_time FROM cart WHERE (user_id = ?)
11:17:19:634 DEBUG 3480 --- [http-nio-8082-exec-1] c.h.cart.mapper.CartMapper.selectList    : ==> Parameters: 1(Long)
11:17:19:637 DEBUG 3480 --- [http-nio-8082-exec-1] c.h.cart.mapper.CartMapper.selectList    : <==      Total: 1
11:17:19:806 DEBUG 3480 --- [http-nio-8082-exec-2] c.h.cart.mapper.CartMapper.selectList    : ==>  Preparing: SELECT id,user_id,item_id,num,name,spec,price,image,create_time,update_time FROM cart WHERE (user_id = ?)
11:17:19:806 DEBUG 3480 --- [http-nio-8082-exec-2] c.h.cart.mapper.CartMapper.selectList    : ==> Parameters: 1(Long)
11:17:19:808 DEBUG 3480 --- [http-nio-8082-exec-2] c.h.cart.mapper.CartMapper.selectList    : <==      Total: 1
11:17:19:984 DEBUG 3480 --- [http-nio-8082-exec-4] c.h.cart.mapper.CartMapper.selectList    : ==>  Preparing: SELECT id,user_id,item_id,num,name,spec,price,image,create_time,update_time FROM cart WHERE (user_id = ?)
11:17:19:985 DEBUG 3480 --- [http-nio-8082-exec-4] c.h.cart.mapper.CartMapper.selectList    : ==> Parameters: 1(Long)
11:17:19:987 DEBUG 3480 --- [http-nio-8082-exec-4] c.h.cart.mapper.CartMapper.selectList    : <==      Total: 1
11:17:20:162 DEBUG 3480 --- [http-nio-8082-exec-5] c.h.cart.mapper.CartMapper.selectList    : ==>  Preparing: SELECT id,user_id,item_id,num,name,spec,price,image,create_time,update_time FROM cart WHERE (user_id = ?)
11:17:20:162 DEBUG 3480 --- [http-nio-8082-exec-5] c.h.cart.mapper.CartMapper.selectList    : ==> Parameters: 1(Long)
11:17:20:166 DEBUG 3480 --- [http-nio-8082-exec-5] c.h.cart.mapper.CartMapper.selectList    : <==      Total: 1
